Consumer 4 2.Praesent quis lorem nec tellus suscipit volutpat nec vitae ipsum.
Consumer 0 1.Lorem ipsum dolor sit amet, consectetur adipiscing elit.
Consumer 9 3.Nam sagittis magna nibh, vel pulvinar erat pellentesque facilisis. 
Consumer 9 4.Maecenas sollicitudin est vel facilisis hendrerit.
Consumer 9 5.Fusce blandit nisl aliquet libero rutrum fermentum.
Consumer 6 7.Fusce ac odio dignissim, faucibus augue in, varius magna.
Consumer 6 6.Aenean porttitor est aliquam purus egestas, eu sodales purus sodales.
Consumer 9 9.Vestibulum a arcu euismod, congue libero in, semper ex.
Consumer 9 8.Cras nulla lacus, condimentum non lacinia eu, eleifend sit amet nunc.
Consumer 0 10.Nulla facilisi. Integer commodo nulla nec elit maximus, eu bibendum justo lobortis. 
Consumer 0 11.Praesent vehicula nisi eu ipsum ullamcorper, ac pretium dolor sodales.
Consumer 7 12.Quisque vehicula congue erat quis tempus.Consumer 8 1.Lorem ipsum dolor sit amet, consectetur adipiscing elit.
Consumer 8 2.Praesent quis lorem nec tellus suscipit volutpat nec vitae ipsum.
Consumer 8 4.Maecenas sollicitudin est vel facilisis hendrerit.
Consumer 4 3.Nam sagittis magna nibh, vel pulvinar erat pellentesque facilisis. 
Consumer 3 6.Aenean porttitor est aliquam purus egestas, eu sodales purus sodales.
Consumer 8 5.Fusce blandit nisl aliquet libero rutrum fermentum.
Consumer 8 7.Fusce ac odio dignissim, faucibus augue in, varius magna.
Consumer 8 8.Cras nulla lacus, condimentum non lacinia eu, eleifend sit amet nunc.
Consumer 0 10.Nulla facilisi. Integer commodo nulla nec elit maximus, eu bibendum justo lobortis. 
Consumer 0 9.Vestibulum a arcu euismod, congue libero in, semper ex.
Consumer 0 11.Praesent vehicula nisi eu ipsum ullamcorper, ac pretium dolor sodales.
Consumer 8 12.Quisque vehicula congue erat quis tempus.Consumer 4 1.Lorem ipsum dolor sit amet, consectetur adipiscing elit.
Consumer 4 2.Praesent quis lorem nec tellus suscipit volutpat nec vitae ipsum.
Consumer 4 3.Nam sagittis magna nibh, vel pulvinar erat pellentesque facilisis. 
Consumer 4 4.Maecenas sollicitudin est vel facilisis hendrerit.
Consumer 4 5.Fusce blandit nisl aliquet libero rutrum fermentum.
Consumer 9 1.Lorem ipsum dolor sit amet, consectetur adipiscing elit.
Consumer 3 2.Praesent quis lorem nec tellus suscipit volutpat nec vitae ipsum.
Consumer 6 3.Nam sagittis magna nibh, vel pulvinar erat pellentesque facilisis. 
Consumer 5 5.Fusce blandit nisl aliquet libero rutrum fermentum.
Consumer 5 4.Maecenas sollicitudin est vel facilisis hendrerit.
Consumer 5 6.Aenean porttitor est aliquam purus egestas, eu sodales purus sodales.
Consumer 5 8.Cras nulla lacus, condimentum non lacinia eu, eleifend sit amet nunc.
Consumer 5 7.Fusce ac odio dignissim, faucibus augue in, varius magna.
Consumer 3 9.Vestibulum a arcu euismod, congue libero in, semper ex.
Consumer 3 10.Nulla facilisi. Integer commodo nulla nec elit maximus, eu bibendum justo lobortis. 
Consumer 4 11.Praesent vehicula nisi eu ipsum ullamcorper, ac pretium dolor sodales.
Consumer 4 12.Quisque vehicula congue erat quis tempus.Consumer 3 1.Lorem ipsum dolor sit amet, consectetur adipiscing elit.
Consumer 4 2.Praesent quis lorem nec tellus suscipit volutpat nec vitae ipsum.
Consumer 5 1.Lorem ipsum dolor sit amet, consectetur adipiscing elit.
Consumer 5 2.Praesent quis lorem nec tellus suscipit volutpat nec vitae ipsum.
Consumer 5 3.Nam sagittis magna nibh, vel pulvinar erat pellentesque facilisis. 
Consumer 7 1.Lorem ipsum dolor sit amet, consectetur adipiscing elit.
Consumer 9 2.Praesent quis lorem nec tellus suscipit volutpat nec vitae ipsum.
Consumer 0 3.Nam sagittis magna nibh, vel pulvinar erat pellentesque facilisis. 
Consumer 0 4.Maecenas sollicitudin est vel facilisis hendrerit.
Consumer 2 6.Aenean porttitor est aliquam purus egestas, eu sodales purus sodales.
Consumer 2 5.Fusce blandit nisl aliquet libero rutrum fermentum.
Consumer 9 7.Fusce ac odio dignissim, faucibus augue in, varius magna.
Consumer 9 8.Cras nulla lacus, condimentum non lacinia eu, eleifend sit amet nunc.
Consumer 6 10.Nulla facilisi. Integer commodo nulla nec elit maximus, eu bibendum justo lobortis. 
Consumer 6 9.Vestibulum a arcu euismod, congue libero in, semper ex.
Consumer 1 12.Quisque vehicula congue erat quis tempus.Consumer 1 11.Praesent vehicula nisi eu ipsum ullamcorper, ac pretium dolor sodales.
Consumer 1 1.Lorem ipsum dolor sit amet, consectetur adipiscing elit.
